TN:
SF:src\index.ts
FN:47,(anonymous_8)
FN:47,(anonymous_9)
FN:58,(anonymous_10)
FN:58,(anonymous_11)
FN:69,(anonymous_12)
FN:69,(anonymous_13)
FN:86,(anonymous_14)
FN:99,(anonymous_15)
FN:122,(anonymous_16)
FN:127,(anonymous_17)
FN:136,(anonymous_18)
FN:136,(anonymous_19)
FN:157,(anonymous_20)
FN:157,(anonymous_21)
FN:163,(anonymous_22)
FN:163,(anonymous_23)
FNF:16
FNH:0
FNDA:0,(anonymous_8)
FNDA:0,(anonymous_9)
FNDA:0,(anonymous_10)
FNDA:0,(anonymous_11)
FNDA:0,(anonymous_12)
FNDA:0,(anonymous_13)
FNDA:0,(anonymous_14)
FNDA:0,(anonymous_15)
FNDA:0,(anonymous_16)
FNDA:0,(anonymous_17)
FNDA:0,(anonymous_18)
FNDA:0,(anonymous_19)
FNDA:0,(anonymous_20)
FNDA:0,(anonymous_21)
FNDA:0,(anonymous_22)
FNDA:0,(anonymous_23)
DA:1,0
DA:2,0
DA:3,0
DA:14,0
DA:15,0
DA:31,0
DA:41,0
DA:47,0
DA:48,0
DA:58,0
DA:59,0
DA:69,0
DA:70,0
DA:86,0
DA:87,0
DA:89,0
DA:92,0
DA:99,0
DA:100,0
DA:101,0
DA:103,0
DA:106,0
DA:113,0
DA:114,0
DA:122,0
DA:123,0
DA:127,0
DA:128,0
DA:136,0
DA:137,0
DA:138,0
DA:139,0
DA:141,0
DA:142,0
DA:144,0
DA:145,0
DA:146,0
DA:147,0
DA:148,0
DA:149,0
DA:151,0
DA:152,0
DA:157,0
DA:158,0
DA:159,0
DA:160,0
DA:163,0
DA:164,0
DA:165,0
DA:166,0
DA:170,0
LF:51
LH:0
BRDA:16,0,0,0
BRDA:16,0,1,0
BRDA:32,1,0,0
BRDA:32,1,1,0
BRDA:138,2,0,0
BRDA:138,2,1,0
BRDA:139,3,0,0
BRDA:139,3,1,0
BRF:8
BRH:0
end_of_record
